PART2                                                                                                                   PAGE 1
                         1     ORG 0H
0000 C2B3                2     CLR P3.3; for debugging purposes
0002 7538C6              3     MOV 38H,#0C6H;6193
0005 7539A8              4     MOV 39H,#0A8H
                         5
                         6     RESET:
0008 3165                7     ACALL SETUP
000A 758800              8     MOV TCON,#0
000D 758900              9     MOV TMOD,#0
0010 758C00             10     MOV TH0,#0
0013 758A00             11     MOV TL0,#0
0016 7830               12     MOV R0,#30H
0018 753000             13     MOV 30H,#0
001B 753100             14     MOV 31H,#0
                        15
                        16
                        17     KEYBOARD_LOOP:
001E 31A5               18     ACALL KEYBOARD
0020 B42302             19     CJNE A,#23H,NVM1
0023 0130               20     AJMP BREAK
0025 1129               21     NVM1: ACALL RECORD_DATA
0027 80F5               22     SJMP KEYBOARD_LOOP
                        23
                        24     RECORD_DATA:
0029 3187               25     ACALL SEND_DATA
002B 9430               26     SUBB A,#30H
002D F6                 27     MOV @R0,A
002E 08                 28     INC R0
002F 22                 29     RET
                        30
                        31     BREAK:
0030 7401               32     MOV A,#01H
0032 317A               33     ACALL SEND_COMMAND
0034 7480               34     MOV A,#80H
0036 317A               35     ACALL SEND_COMMAND
                        36
0038 B83107             37     CJNE R0,#031H,IF0
003B AE30               38     MOV R6,30H
003D BE0018             39     CJNE R6,#0,PRE_PROCESS
0040 801E               40     SJMP ERROR
                        41
0042 B8320F             42     IF0: CJNE R0,#032H,NVM2
0045 AE30               43     MOV R6,30H
0047 BE0002             44     CJNE R6,#0,IF2_2
004A 8003               45     SJMP IF2_3
004C BE0111             46     IF2_2:CJNE R6,#1,ERROR
004F AE31               47     IF2_3:MOV R6,31H
0051 BE0600             48     CJNE R6,#6,NVM2
0054 500A               49     NVM2: JNC ERROR
0056 8016               50     SJMP PROCESS
                        51
                        52
                        53     PRE_PROCESS:
0058 853031             54     MOV 31H,30H
005B 753000             55     MOV 30H,#0
005E 800E               56     SJMP PROCESS
                        57
                        58     ERROR:
0060 90021E             59     MOV DPTR,#ERROR_MESSAGE
                        60     ERROR_LOOP:
0063 E4                 61     CLR A
0064 93                 62     MOVC A,@A+DPTR
0065 A3                 63     INC DPTR
0066 6004               64     JZ RESET3
0068 3187               65     ACALL SEND_DATA
006A 80F7               66     SJMP ERROR_LOOP
                        67
                        68     RESET3:
006C 215E               69     AJMP RESET2
                        70
                        71     PROCESS:
006E E530               72     MOV A,30H
0070 75F00A             73     MOV B,#10
0073 A4                 74     MUL AB
0074 8531F0             75     MOV B,31H
0077 25F0               76     ADD A,B
0079 75F002             77     MOV B,#2
007C A4                 78     MUL AB
007D FA                 79     MOV R2,A
                        80
                        81     DISPLAY_TIME:
007E 758900             82     MOV TMOD,#00000000B
0081 758810             83     MOV TCON,#00010000B
0084 85388C             84     MOV TH0,38H
0087 85398A             85     MOV TL0,39H
008A D2B3               86     SETB P3.3 ; for debugging purposes
                        87     OUTER_LOOP:
008C 7B00               88     MOV R3,#0
                        89     LOOP_START:
008E BB0028             90     CJNE R3,#0,IF1
0091 EA                 91             MOV A,R2
0092 75F002             92             MOV B,#2
0095 84                 93             DIV AB
0096 AEF0               94             MOV R6,B
0098 BE0108             95             CJNE R6,#1,BLANK
009B 75422E             96             MOV 42H,#2EH
009E 754335             97             MOV 43H,#35H
00A1 8006               98             SJMP NVM3
                        99             BLANK:
00A3 754220            100             MOV 42H,#20H
00A6 754320            101             MOV 43H,#20H
                       102             NVM3:
00A9 75F00A            103             MOV B,#10
00AC 84                104             DIV AB
00AD 2430              105             ADD A,#30H
00AF F540              106             MOV 40H,A
00B1 E5F0              107             MOV A,B
00B3 2430              108             ADD A,#30H
00B5 F541              109             MOV 41H,A
00B7 2144              110             AJMP CONTINUE
00B9 BB010B            111     IF1:CJNE R3,#1,IF2
00BC 854090            112             MOV P1,40H
00BF D2B5              113             SETB P3.5               ;RS=0 BEFORE SENDING COMMAND
00C1 C2B6              114             CLR P3.6                ;R/W=0 TO WRITE
00C3 D2B7              115             SETB P3.7       ;SEND A HIGH TO LOW SIGNAL TO ENABLE PIN
00C5 2144              116             AJMP CONTINUE
00C7 BB0704            117     IF2:CJNE R3,#7,IF3
00CA C2B7              118             CLR P3.7
00CC 2144              119             AJMP CONTINUE
00CE BB080B            120     IF3:CJNE R3,#8,IF4
00D1 854190            121             MOV P1,41H
00D4 D2B5              122             SETB P3.5               ;RS=0 BEFORE SENDING COMMAND
00D6 C2B6              123             CLR P3.6                ;R/W=0 TO WRITE
00D8 D2B7              124             SETB P3.7       ;SEND A HIGH TO LOW SIGNAL TO ENABLE PIN
00DA 2144              125             AJMP CONTINUE
00DC BB0E04            126     IF4:CJNE R3,#14,IF5
00DF C2B7              127             CLR P3.7
00E1 2144              128             AJMP CONTINUE
00E3 BB0F0B            129     IF5:CJNE R3,#15,IF6
00E6 854290            130             MOV P1,42H
00E9 D2B5              131             SETB P3.5               ;RS=0 BEFORE SENDING COMMAND
00EB C2B6              132             CLR P3.6                ;R/W=0 TO WRITE
00ED D2B7              133             SETB P3.7       ;SEND A HIGH TO LOW SIGNAL TO ENABLE PIN
00EF 2144              134             AJMP CONTINUE
00F1 BB1504            135     IF6:CJNE R3,#21,IF7
00F4 C2B7              136             CLR P3.7
00F6 2144              137             AJMP CONTINUE
00F8 BB160B            138     IF7:CJNE R3,#22,IF8
00FB 854390            139             MOV P1,43H
00FE D2B5              140             SETB P3.5               ;RS=0 BEFORE SENDING COMMAND
0100 C2B6              141             CLR P3.6                ;R/W=0 TO WRITE
0102 D2B7              142             SETB P3.7       ;SEND A HIGH TO LOW SIGNAL TO ENABLE PIN
0104 2144              143             AJMP CONTINUE
0106 BB1C04            144     IF8:CJNE R3,#28,IF9
0109 C2B7              145             CLR P3.7
010B 2144              146             AJMP CONTINUE
010D BB6F0B            147     IF9:CJNE R3,#111,IF10
0110 759001            148             MOV P1,#01H
0113 C2B5              149             CLR P3.5                ;RS=0 BEFORE SENDING COMMAND
0115 C2B6              150             CLR P3.6                ;R/W=0 TO WRITE
0117 D2B7              151             SETB P3.7       ;SEND A HIGH TO LOW SIGNAL TO ENABLE PIN
0119 2144              152             AJMP CONTINUE
011B BB7504            153     IF10:CJNE R3,#117,IF11
011E C2B7              154             CLR P3.7
0120 2144              155             AJMP CONTINUE
0122 BB760B            156     IF11:CJNE R3,#118,IF12
0125 759080            157             MOV P1,#80H
0128 C2B5              158             CLR P3.5                ;RS=0 BEFORE SENDING COMMAND
012A C2B6              159             CLR P3.6                ;R/W=0 TO WRITE
012C D2B7              160             SETB P3.7       ;SEND A HIGH TO LOW SIGNAL TO ENABLE PIN
012E 2144              161             AJMP CONTINUE
0130 BB7C04            162     IF12:CJNE R3,#124,IF13
0133 C2B7              163             CLR P3.7
0135 2144              164             AJMP CONTINUE
0137 BB7D0A            165     IF13:CJNE R3,#125,CONTINUE
013A 1A                166             DEC R2
013B B2B4              167             CPL P3.4;for debugging purposes
013D BA0004            168             CJNE R2,#0,CONTINUE
0140 C2B3              169             CLR P3.3;for debugging purposes
0142 2152              170             AJMP LAUNCH
                       171     CONTINUE:
0144 308DFD            172     JNB TF0,$
0147 85388C            173     MOV TH0,38H
014A 85398A            174     MOV TL0,39H
014D C28D              175     CLR TF0
014F 0B                176     INC R3
0150 018E              177     AJMP LOOP_START
                       178
                       179     LAUNCH:
0152 900224            180     MOV DPTR,#LAUNCH_MESSAGE
                       181     LAUNCH_LOOP:
0155 E4                182     CLR A
0156 93                183     MOVC A,@A+DPTR
0157 A3                184     INC DPTR
0158 6004              185     JZ RESET2
015A 3187              186     ACALL SEND_DATA
015C 80F7              187     SJMP LAUNCH_LOOP
                       188
                       189     RESET2:
015E 31A5              190     ACALL KEYBOARD
0160 B42AFB            191     CJNE A,#2AH,RESET2
0163 0108              192     AJMP RESET
                       193
                       194     SETUP:
0165 7438              195             MOV A,#38H      ;TWO LINES, 5X7 MATRIX
0167 317A              196             ACALL SEND_COMMAND
0169 740F              197             MOV A,#0FH      ;DISPLAY ON, CURSOR BLINKING
016B 317A              198             ACALL SEND_COMMAND
016D 7406              199             MOV A,#06H      ;INCREMENT CURSOR (SHIFT CURSOR TO RIGHT)
016F 317A              200             ACALL SEND_COMMAND
0171 7401              201             MOV A,#01H      ;CLEAR DISPLAY SCREEN
0173 317A              202             ACALL SEND_COMMAND
0175 7480              203             MOV A,#80H      ;FORCE CURSOR TO BEGINNING OF THE FIRST LINE
0177 317A              204             ACALL SEND_COMMAND
0179 22                205             RET
                       206
                       207     SEND_COMMAND:
017A F590              208             MOV P1,A
017C C2B5              209             CLR P3.5                ;RS=0 BEFORE SENDING COMMAND
017E C2B6              210             CLR P3.6                ;R/W=0 TO WRITE
0180 D2B7              211             SETB P3.7       ;SEND A HIGH TO LOW SIGNAL TO ENABLE PIN
0182 3194              212             ACALL DELAY
0184 C2B7              213             CLR P3.7
0186 22                214             RET
                       215     SEND_DATA:
0187 F590              216             MOV P1,A
0189 D2B5              217             SETB P3.5               ;RS=0 BEFORE SENDING COMMAND
018B C2B6              218             CLR P3.6                ;R/W=0 TO WRITE
018D D2B7              219             SETB P3.7       ;SEND A HIGH TO LOW SIGNAL TO ENABLE PIN
018F 3194              220             ACALL DELAY
0191 C2B7              221             CLR P3.7
0193 22                222             RET
                       223
                       224     DELAY:
0194 C000              225             PUSH 0
0196 C001              226             PUSH 1
0198 7F32              227             MOV R7,#50
                       228     DELAY_OUTER_LOOP:
019A 7EFF              229             MOV R6,#255
019C DEFE              230             DJNZ R6,$
019E DFFA              231             DJNZ R7,DELAY_OUTER_LOOP
01A0 D001              232             POP 1
01A2 D000              233             POP 0
01A4 22                234             RET
                       235
                       236
                       237
                       238     KEYBOARD: ; takes the key pressed from the keyboard and puts it to A
01A5 7580FF            239             mov     P0, #0ffh       ;makes P0 input
                       240     K1:
01A8 75A000            241             mov     P2, #0  ;ground all rows
01AB E580              242             mov     A, P0
01AD 540F              243             anl     A, #00001111B
01AF B40FF6            244             cjne    A, #00001111B, K1
                       245     K2:
01B2 3194              246             acall   DELAY
01B4 E580              247             mov     A, P0
01B6 540F              248             anl     A, #00001111B
01B8 B40F02            249             cjne    A, #00001111B, KB_OVER
01BB 80F5              250             sjmp    K2
                       251     KB_OVER:
01BD 3194              252             acall DELAY
01BF E580              253             mov     A, P0
01C1 540F              254             anl     A, #00001111B
01C3 B40F02            255             cjne    A, #00001111B, KB_OVER1
01C6 80EA              256             sjmp    K2
                       257     KB_OVER1:
01C8 75A0FE            258             mov     P2, #11111110B
01CB E580              259             mov     A, P0
01CD 540F              260             anl     A, #00001111B
01CF B40F21            261             cjne    A, #00001111B, ROW_0
01D2 75A0FD            262             mov     P2, #11111101B
01D5 E580              263             mov     A, P0
01D7 540F              264             anl     A, #00001111B
01D9 B40F1C            265             cjne    A, #00001111B, ROW_1
01DC 75A0FB            266             mov     P2, #11111011B
01DF E580              267             mov     A, P0
01E1 540F              268             anl     A, #00001111B
01E3 B40F17            269             cjne    A, #00001111B, ROW_2
01E6 75A0F7            270             mov     P2, #11110111B
01E9 E580              271             mov     A, P0
01EB 540F              272             anl     A, #00001111B
01ED B40F12            273             cjne    A, #00001111B, ROW_3
01F0 0201B2            274             ljmp    K2
                       275
                       276     ROW_0:
01F3 90020E            277             mov     DPTR, #KCODE0
01F6 800D              278             sjmp    KB_FIND
                       279     ROW_1:
01F8 900212            280             mov     DPTR, #KCODE1
01FB 8008              281             sjmp    KB_FIND
                       282     ROW_2:
01FD 900216            283             mov     DPTR, #KCODE2
0200 8003              284             sjmp    KB_FIND
                       285     ROW_3:
0202 90021A            286             mov     DPTR, #KCODE3
                       287     KB_FIND:
0205 13                288             rrc     A
0206 5003              289             jnc     KB_MATCH
0208 A3                290             inc     DPTR
0209 80FA              291             sjmp    KB_FIND
                       292     KB_MATCH:
020B E4                293             clr     A
020C 93                294             movc    A, @A+DPTR; get ASCII code from the table
020D 22                295             ret
                       296
                       297     ;ASCII look-up table
020E 31323323          298     KCODE0: DB      '1', '2', '3', '#'
0212 34353623          299     KCODE1: DB      '4', '5', '6', '#'
0216 37383923          300     KCODE2: DB      '7', '8', '9', '#'
021A 2A302323          301     KCODE3: DB      '*', '0', '#', '#'
                       302
021E 4552524F52        303     ERROR_MESSAGE: DB 'ERROR',0
     00
0224 4C41554E43        304     LAUNCH_MESSAGE: DB 'LAUNCH!',0
     482100
                       305
                       306     ENDD:
022C 80FE              307     SJMP $
                       308     END
ASSEMBLY COMPLETE, NO ERRORS FOUND, NO WARNINGS


SYMBOL TABLE:
??MCU_8051_IDE . . . . . . . . . . .  N  NUMB  8051H  NOT USED
??VERSION. . . . . . . . . . . . . .  N  NUMB  0149H  NOT USED
AC . . . . . . . . . . . . . . . . .  B  ADDR  00D6H  NOT USED
ACC. . . . . . . . . . . . . . . . .  D  ADDR  00E0H  NOT USED
ACSR . . . . . . . . . . . . . . . .  D  ADDR  0097H  NOT USED
ADCF . . . . . . . . . . . . . . . .  D  ADDR  00F6H  NOT USED
ADCLK. . . . . . . . . . . . . . . .  D  ADDR  00F2H  NOT USED
ADCON. . . . . . . . . . . . . . . .  D  ADDR  00F3H  NOT USED
ADDH . . . . . . . . . . . . . . . .  D  ADDR  00F5H  NOT USED
ADDL . . . . . . . . . . . . . . . .  D  ADDR  00F4H  NOT USED
AUXR . . . . . . . . . . . . . . . .  D  ADDR  008EH  NOT USED
AUXR1. . . . . . . . . . . . . . . .  D  ADDR  00A2H  NOT USED
B. . . . . . . . . . . . . . . . . .  D  ADDR  00F0H
BDRCON . . . . . . . . . . . . . . .  D  ADDR  009BH  NOT USED
BDRCON_1 . . . . . . . . . . . . . .  D  ADDR  009CH  NOT USED
BLANK. . . . . . . . . . . . . . . .  C  ADDR  00A3H
BREAK. . . . . . . . . . . . . . . .  C  ADDR  0030H
BRL. . . . . . . . . . . . . . . . .  D  ADDR  009AH  NOT USED
CCAP0H . . . . . . . . . . . . . . .  D  ADDR  00FAH  NOT USED
CCAP0L . . . . . . . . . . . . . . .  D  ADDR  00EAH  NOT USED
CCAP1H . . . . . . . . . . . . . . .  D  ADDR  00FBH  NOT USED
CCAP1L . . . . . . . . . . . . . . .  D  ADDR  00EBH  NOT USED
CCAP2H . . . . . . . . . . . . . . .  D  ADDR  00FCH  NOT USED
CCAP3H . . . . . . . . . . . . . . .  D  ADDR  00FDH  NOT USED
CCAP4H . . . . . . . . . . . . . . .  D  ADDR  00FEH  NOT USED
CCAPL2H. . . . . . . . . . . . . . .  D  ADDR  00FCH  NOT USED
CCAPL2L. . . . . . . . . . . . . . .  D  ADDR  00ECH  NOT USED
CCAPL3H. . . . . . . . . . . . . . .  D  ADDR  00FDH  NOT USED
CCAPL3L. . . . . . . . . . . . . . .  D  ADDR  00EDH  NOT USED
CCAPL4H. . . . . . . . . . . . . . .  D  ADDR  00FEH  NOT USED
CCAPL4L. . . . . . . . . . . . . . .  D  ADDR  00EEH  NOT USED
CCAPM0 . . . . . . . . . . . . . . .  D  ADDR  00DAH  NOT USED
CCAPM1 . . . . . . . . . . . . . . .  D  ADDR  00DBH  NOT USED
CCAPM2 . . . . . . . . . . . . . . .  D  ADDR  00DCH  NOT USED
CCAPM3 . . . . . . . . . . . . . . .  D  ADDR  00DDH  NOT USED
CCAPM4 . . . . . . . . . . . . . . .  D  ADDR  00DEH  NOT USED
CCF0 . . . . . . . . . . . . . . . .  B  ADDR  00D8H  NOT USED
CCF1 . . . . . . . . . . . . . . . .  B  ADDR  00D9H  NOT USED
CCF2 . . . . . . . . . . . . . . . .  B  ADDR  00DAH  NOT USED
CCF3 . . . . . . . . . . . . . . . .  B  ADDR  00DBH  NOT USED
CCF4 . . . . . . . . . . . . . . . .  B  ADDR  00DCH  NOT USED
CCON . . . . . . . . . . . . . . . .  D  ADDR  00D8H  NOT USED
CFINT. . . . . . . . . . . . . . . .  C  ADDR  0033H  NOT USED
CH . . . . . . . . . . . . . . . . .  D  ADDR  00F9H  NOT USED
CKCON. . . . . . . . . . . . . . . .  D  ADDR  008FH  NOT USED
CKCON0 . . . . . . . . . . . . . . .  D  ADDR  008FH  NOT USED
CKRL . . . . . . . . . . . . . . . .  D  ADDR  0097H  NOT USED
CKSEL. . . . . . . . . . . . . . . .  D  ADDR  0085H  NOT USED
CL . . . . . . . . . . . . . . . . .  D  ADDR  00E9H  NOT USED
CLKREG . . . . . . . . . . . . . . .  D  ADDR  008FH  NOT USED
CMOD . . . . . . . . . . . . . . . .  D  ADDR  00D9H  NOT USED
CONTINUE . . . . . . . . . . . . . .  C  ADDR  0144H
CPRL2. . . . . . . . . . . . . . . .  B  ADDR  00C8H  NOT USED
CR . . . . . . . . . . . . . . . . .  B  ADDR  00DEH  NOT USED
CT2. . . . . . . . . . . . . . . . .  B  ADDR  00C9H  NOT USED
CY . . . . . . . . . . . . . . . . .  B  ADDR  00D7H  NOT USED
DELAY. . . . . . . . . . . . . . . .  C  ADDR  0194H
DELAY_OUTER_LOOP . . . . . . . . . .  C  ADDR  019AH
DISPLAY_TIME . . . . . . . . . . . .  C  ADDR  007EH  NOT USED
DP0H . . . . . . . . . . . . . . . .  D  ADDR  0083H  NOT USED
DP0L . . . . . . . . . . . . . . . .  D  ADDR  0082H  NOT USED
DP1H . . . . . . . . . . . . . . . .  D  ADDR  0085H  NOT USED
DP1L . . . . . . . . . . . . . . . .  D  ADDR  0084H  NOT USED
DPH. . . . . . . . . . . . . . . . .  D  ADDR  0083H  NOT USED
DPL. . . . . . . . . . . . . . . . .  D  ADDR  0082H  NOT USED
EA . . . . . . . . . . . . . . . . .  B  ADDR  00AFH  NOT USED
EC . . . . . . . . . . . . . . . . .  B  ADDR  00AEH  NOT USED
EECON. . . . . . . . . . . . . . . .  D  ADDR  0096H  NOT USED
ENDD . . . . . . . . . . . . . . . .  C  ADDR  022CH  NOT USED
ERROR. . . . . . . . . . . . . . . .  C  ADDR  0060H
ERROR_LOOP . . . . . . . . . . . . .  C  ADDR  0063H
ERROR_MESSAGE. . . . . . . . . . . .  C  ADDR  021EH
ES . . . . . . . . . . . . . . . . .  B  ADDR  00ACH  NOT USED
ET0. . . . . . . . . . . . . . . . .  B  ADDR  00A9H  NOT USED
ET1. . . . . . . . . . . . . . . . .  B  ADDR  00ABH  NOT USED
ET2. . . . . . . . . . . . . . . . .  B  ADDR  00ADH  NOT USED
EX0. . . . . . . . . . . . . . . . .  B  ADDR  00A8H  NOT USED
EX1. . . . . . . . . . . . . . . . .  B  ADDR  00AAH  NOT USED
EXEN2. . . . . . . . . . . . . . . .  B  ADDR  00CBH  NOT USED
EXF2 . . . . . . . . . . . . . . . .  B  ADDR  00CEH  NOT USED
EXTI0. . . . . . . . . . . . . . . .  C  ADDR  0003H  NOT USED
EXTI1. . . . . . . . . . . . . . . .  C  ADDR  0013H  NOT USED
F0 . . . . . . . . . . . . . . . . .  B  ADDR  00D5H  NOT USED
FE . . . . . . . . . . . . . . . . .  B  ADDR  009FH  NOT USED
IE . . . . . . . . . . . . . . . . .  D  ADDR  00A8H  NOT USED
IE0. . . . . . . . . . . . . . . . .  B  ADDR  0089H  NOT USED
IE1. . . . . . . . . . . . . . . . .  B  ADDR  008BH  NOT USED
IF0. . . . . . . . . . . . . . . . .  C  ADDR  0042H
IF1. . . . . . . . . . . . . . . . .  C  ADDR  00B9H
IF10 . . . . . . . . . . . . . . . .  C  ADDR  011BH
IF11 . . . . . . . . . . . . . . . .  C  ADDR  0122H
IF12 . . . . . . . . . . . . . . . .  C  ADDR  0130H
IF13 . . . . . . . . . . . . . . . .  C  ADDR  0137H
IF2. . . . . . . . . . . . . . . . .  C  ADDR  00C7H
IF2_2. . . . . . . . . . . . . . . .  C  ADDR  004CH
IF2_3. . . . . . . . . . . . . . . .  C  ADDR  004FH
IF3. . . . . . . . . . . . . . . . .  C  ADDR  00CEH
IF4. . . . . . . . . . . . . . . . .  C  ADDR  00DCH
IF5. . . . . . . . . . . . . . . . .  C  ADDR  00E3H
IF6. . . . . . . . . . . . . . . . .  C  ADDR  00F1H
IF7. . . . . . . . . . . . . . . . .  C  ADDR  00F8H
IF8. . . . . . . . . . . . . . . . .  C  ADDR  0106H
IF9. . . . . . . . . . . . . . . . .  C  ADDR  010DH
INT0 . . . . . . . . . . . . . . . .  B  ADDR  00B2H  NOT USED
INT1 . . . . . . . . . . . . . . . .  B  ADDR  00B3H  NOT USED
IP . . . . . . . . . . . . . . . . .  D  ADDR  00B8H  NOT USED
IPH. . . . . . . . . . . . . . . . .  D  ADDR  00B7H  NOT USED
IPH0 . . . . . . . . . . . . . . . .  D  ADDR  00B7H  NOT USED
IPH1 . . . . . . . . . . . . . . . .  D  ADDR  00B3H  NOT USED
IPL0 . . . . . . . . . . . . . . . .  D  ADDR  00B8H  NOT USED
IPL1 . . . . . . . . . . . . . . . .  D  ADDR  00B2H  NOT USED
IT0. . . . . . . . . . . . . . . . .  B  ADDR  0088H  NOT USED
IT1. . . . . . . . . . . . . . . . .  B  ADDR  008AH  NOT USED
K1 . . . . . . . . . . . . . . . . .  C  ADDR  01A8H
K2 . . . . . . . . . . . . . . . . .  C  ADDR  01B2H
KBE. . . . . . . . . . . . . . . . .  D  ADDR  009DH  NOT USED
KBF. . . . . . . . . . . . . . . . .  D  ADDR  009EH  NOT USED
KBLS . . . . . . . . . . . . . . . .  D  ADDR  009CH  NOT USED
KB_FIND. . . . . . . . . . . . . . .  C  ADDR  0205H
KB_MATCH . . . . . . . . . . . . . .  C  ADDR  020BH
KB_OVER. . . . . . . . . . . . . . .  C  ADDR  01BDH
KB_OVER1 . . . . . . . . . . . . . .  C  ADDR  01C8H
KCODE0 . . . . . . . . . . . . . . .  C  ADDR  020EH
KCODE1 . . . . . . . . . . . . . . .  C  ADDR  0212H
KCODE2 . . . . . . . . . . . . . . .  C  ADDR  0216H
KCODE3 . . . . . . . . . . . . . . .  C  ADDR  021AH
KEYBOARD . . . . . . . . . . . . . .  C  ADDR  01A5H
KEYBOARD_LOOP. . . . . . . . . . . .  C  ADDR  001EH
LAUNCH . . . . . . . . . . . . . . .  C  ADDR  0152H
LAUNCH_LOOP. . . . . . . . . . . . .  C  ADDR  0155H
LAUNCH_MESSAGE . . . . . . . . . . .  C  ADDR  0224H
LOOP_START . . . . . . . . . . . . .  C  ADDR  008EH
NVM1 . . . . . . . . . . . . . . . .  C  ADDR  0025H
NVM2 . . . . . . . . . . . . . . . .  C  ADDR  0054H
NVM3 . . . . . . . . . . . . . . . .  C  ADDR  00A9H
OSCCON . . . . . . . . . . . . . . .  D  ADDR  0086H  NOT USED
OUTER_LOOP . . . . . . . . . . . . .  C  ADDR  008CH  NOT USED
OV . . . . . . . . . . . . . . . . .  B  ADDR  00D2H  NOT USED
P. . . . . . . . . . . . . . . . . .  B  ADDR  00D0H  NOT USED
P0 . . . . . . . . . . . . . . . . .  D  ADDR  0080H
P1 . . . . . . . . . . . . . . . . .  D  ADDR  0090H
P1M1 . . . . . . . . . . . . . . . .  D  ADDR  00D4H  NOT USED
P1M2 . . . . . . . . . . . . . . . .  D  ADDR  00E2H  NOT USED
P2 . . . . . . . . . . . . . . . . .  D  ADDR  00A0H
P3 . . . . . . . . . . . . . . . . .  D  ADDR  00B0H
P3M1 . . . . . . . . . . . . . . . .  D  ADDR  00D5H  NOT USED
P3M2 . . . . . . . . . . . . . . . .  D  ADDR  00E3H  NOT USED
P4 . . . . . . . . . . . . . . . . .  D  ADDR  00C0H  NOT USED
P4M1 . . . . . . . . . . . . . . . .  D  ADDR  00D6H  NOT USED
P4M2 . . . . . . . . . . . . . . . .  D  ADDR  00E4H  NOT USED
P5 . . . . . . . . . . . . . . . . .  D  ADDR  00E8H  NOT USED
PC . . . . . . . . . . . . . . . . .  B  ADDR  00BEH  NOT USED
PCON . . . . . . . . . . . . . . . .  D  ADDR  0087H  NOT USED
PPCL . . . . . . . . . . . . . . . .  B  ADDR  00BEH  NOT USED
PRE_PROCESS. . . . . . . . . . . . .  C  ADDR  0058H
PROCESS. . . . . . . . . . . . . . .  C  ADDR  006EH
PS . . . . . . . . . . . . . . . . .  B  ADDR  00BCH  NOT USED
PSL. . . . . . . . . . . . . . . . .  B  ADDR  00BCH  NOT USED
PSW. . . . . . . . . . . . . . . . .  D  ADDR  00D0H  NOT USED
PT0. . . . . . . . . . . . . . . . .  B  ADDR  00B9H  NOT USED
PT0L . . . . . . . . . . . . . . . .  B  ADDR  00B9H  NOT USED
PT1. . . . . . . . . . . . . . . . .  B  ADDR  00BBH  NOT USED
PT1L . . . . . . . . . . . . . . . .  B  ADDR  00BBH  NOT USED
PT2. . . . . . . . . . . . . . . . .  B  ADDR  00BDH  NOT USED
PT2L . . . . . . . . . . . . . . . .  B  ADDR  00BDH  NOT USED
PX0. . . . . . . . . . . . . . . . .  B  ADDR  00B8H  NOT USED
PX0L . . . . . . . . . . . . . . . .  B  ADDR  00B8H  NOT USED
PX1. . . . . . . . . . . . . . . . .  B  ADDR  00BAH  NOT USED
PX1L . . . . . . . . . . . . . . . .  B  ADDR  00BAH  NOT USED
RB8. . . . . . . . . . . . . . . . .  B  ADDR  009AH  NOT USED
RCAP2H . . . . . . . . . . . . . . .  D  ADDR  00CBH  NOT USED
RCAP2L . . . . . . . . . . . . . . .  D  ADDR  00CAH  NOT USED
RCLK . . . . . . . . . . . . . . . .  B  ADDR  00CDH  NOT USED
RD . . . . . . . . . . . . . . . . .  B  ADDR  00B7H  NOT USED
RECORD_DATA. . . . . . . . . . . . .  C  ADDR  0029H
REN. . . . . . . . . . . . . . . . .  B  ADDR  009CH  NOT USED
RESET. . . . . . . . . . . . . . . .  C  ADDR  0000H
RESET. . . . . . . . . . . . . . . .  C  ADDR  0008H  NOT USED
RESET2 . . . . . . . . . . . . . . .  C  ADDR  015EH
RESET3 . . . . . . . . . . . . . . .  C  ADDR  006CH
RI . . . . . . . . . . . . . . . . .  B  ADDR  0098H  NOT USED
ROW_0. . . . . . . . . . . . . . . .  C  ADDR  01F3H
ROW_1. . . . . . . . . . . . . . . .  C  ADDR  01F8H
ROW_2. . . . . . . . . . . . . . . .  C  ADDR  01FDH
ROW_3. . . . . . . . . . . . . . . .  C  ADDR  0202H
RS0. . . . . . . . . . . . . . . . .  B  ADDR  00D3H  NOT USED
RS1. . . . . . . . . . . . . . . . .  B  ADDR  00D4H  NOT USED
RXD. . . . . . . . . . . . . . . . .  B  ADDR  00B0H  NOT USED
SADDR. . . . . . . . . . . . . . . .  D  ADDR  00A9H  NOT USED
SADDR_0. . . . . . . . . . . . . . .  D  ADDR  00A9H  NOT USED
SADDR_1. . . . . . . . . . . . . . .  D  ADDR  00AAH  NOT USED
SADEN. . . . . . . . . . . . . . . .  D  ADDR  00B9H  NOT USED
SADEN_0. . . . . . . . . . . . . . .  D  ADDR  00B9H  NOT USED
SADEN_1. . . . . . . . . . . . . . .  D  ADDR  00BAH  NOT USED
SBUF . . . . . . . . . . . . . . . .  D  ADDR  0099H  NOT USED
SCON . . . . . . . . . . . . . . . .  D  ADDR  0098H  NOT USED
SEND_COMMAND . . . . . . . . . . . .  C  ADDR  017AH
SEND_DATA. . . . . . . . . . . . . .  C  ADDR  0187H
SETUP. . . . . . . . . . . . . . . .  C  ADDR  0165H
SINT . . . . . . . . . . . . . . . .  C  ADDR  0023H  NOT USED
SM0. . . . . . . . . . . . . . . . .  B  ADDR  009FH  NOT USED
SM1. . . . . . . . . . . . . . . . .  B  ADDR  009EH  NOT USED
SM2. . . . . . . . . . . . . . . . .  B  ADDR  009DH  NOT USED
SP . . . . . . . . . . . . . . . . .  D  ADDR  0081H  NOT USED
SPCON. . . . . . . . . . . . . . . .  D  ADDR  00C3H  NOT USED
SPCR . . . . . . . . . . . . . . . .  D  ADDR  00D5H  NOT USED
SPDAT. . . . . . . . . . . . . . . .  D  ADDR  00C5H  NOT USED
SPDR . . . . . . . . . . . . . . . .  D  ADDR  0086H  NOT USED
SPSR . . . . . . . . . . . . . . . .  D  ADDR  00AAH  NOT USED
SPSTA. . . . . . . . . . . . . . . .  D  ADDR  00C4H  NOT USED
T0 . . . . . . . . . . . . . . . . .  B  ADDR  00B4H  NOT USED
T1 . . . . . . . . . . . . . . . . .  B  ADDR  00B5H  NOT USED
T2CON. . . . . . . . . . . . . . . .  D  ADDR  00C8H  NOT USED
T2MOD. . . . . . . . . . . . . . . .  D  ADDR  00C9H  NOT USED
TB8. . . . . . . . . . . . . . . . .  B  ADDR  009BH  NOT USED
TCLK . . . . . . . . . . . . . . . .  B  ADDR  00CCH  NOT USED
TCON . . . . . . . . . . . . . . . .  D  ADDR  0088H
TF0. . . . . . . . . . . . . . . . .  B  ADDR  008DH
TF1. . . . . . . . . . . . . . . . .  B  ADDR  008FH  NOT USED
TF2. . . . . . . . . . . . . . . . .  B  ADDR  00CFH  NOT USED
TH0. . . . . . . . . . . . . . . . .  D  ADDR  008CH
TH1. . . . . . . . . . . . . . . . .  D  ADDR  008DH  NOT USED
TH2. . . . . . . . . . . . . . . . .  D  ADDR  00CDH  NOT USED
TI . . . . . . . . . . . . . . . . .  B  ADDR  0099H  NOT USED
TIMER0 . . . . . . . . . . . . . . .  C  ADDR  000BH  NOT USED
TIMER1 . . . . . . . . . . . . . . .  C  ADDR  001BH  NOT USED
TIMER2 . . . . . . . . . . . . . . .  C  ADDR  002BH  NOT USED
TL0. . . . . . . . . . . . . . . . .  D  ADDR  008AH
TL1. . . . . . . . . . . . . . . . .  D  ADDR  008BH  NOT USED
TL2. . . . . . . . . . . . . . . . .  D  ADDR  00CCH  NOT USED
TMOD . . . . . . . . . . . . . . . .  D  ADDR  0089H
TR0. . . . . . . . . . . . . . . . .  B  ADDR  008CH  NOT USED
TR1. . . . . . . . . . . . . . . . .  B  ADDR  008EH  NOT USED
TR2. . . . . . . . . . . . . . . . .  B  ADDR  00CAH  NOT USED
TXD. . . . . . . . . . . . . . . . .  B  ADDR  00B1H  NOT USED
WDTCON . . . . . . . . . . . . . . .  D  ADDR  00A7H  NOT USED
WDTPRG . . . . . . . . . . . . . . .  D  ADDR  00A7H  NOT USED
WDTRST . . . . . . . . . . . . . . .  D  ADDR  00A6H  NOT USED
WR . . . . . . . . . . . . . . . . .  B  ADDR  00B6H  NOT USED