part2                                                                                                                   PAGE 1
                         1     ORG 0H
0000 7842                2     MOV R0,#042H
                         3     ;ACALL SETUP
                         4     ;LJMP KEYBOARD_LOOP
0002 754003              5     MOV 40H,#3
0005 754103              6     MOV 41H,#3
0008 754203              7     MOV 42H,#3
                         8     CALC_LOOP:
000B 7842                9             MOV R0,#042H
000D E541               10             MOV A,41H
000F 75F00A             11             MOV B,#0AH
0012 A4                 12             MUL AB
0013 2540               13             ADD A,40H
0015 F543               14             MOV 43H,A
0017 75F007             15             MOV B,#07H
001A 84                 16             DIV AB
001B 85F047             17             MOV 47H,B
                        18
001E E542               19             MOV A,42H
0020 75F00A             20             MOV B,#10
0023 A4                 21             MUL AB
0024 75F007             22             MOV B,#7
0027 84                 23             DIV AB
                        24
0028 E5F0               25             MOV A,B
                        26
002A 75F00A             27             MOV B,#10
002D A4                 28             MUL AB
002E 75F007             29             MOV B,#7
0031 84                 30             DIV AB
                        31
0032 E547               32             MOV A,47H
0034 25F0               33             ADD A,B
0036 75F007             34             MOV B,#7
0039 84                 35             DIV AB
003A 85F047             36             MOV 47H,B
                        37
003D 7430               38             MOV A,#030H
003F 2547               39             ADD A,47H
                        40
                        41             MONTH_CALC:
0041 90021F             42                     MOV DPTR,#NUMDAY
0044 AC42               43                     MOV R4,42H ;hundereds place
0046 AD43               44                     MOV R5,43H ;tens and ones places
0048 7B0C               45                     MOV R3,#12
004A BC0005             46                     CJNE R4,#00H,NVM9
004D BD0002             47                     CJNE R5,#00H,NVM9
0050 01CA               48                     AJMP ERROR
                        49                     NVM9:
0052 BC0305             50                     CJNE R4,#003H,T5
0055 BD4300             51                             CJNE R5,#67,T6
                        52                             T6:
0058 5070               53                             JNC ERROR
                        54
                        55                             T5:
005A 506E               56                             JNC ERROR
                        57
                        58                     NVM4:
                        59                     MLS:
005C BD6402             60                     CJNE R5,#100,T2
005F 800C               61                             SJMP NVM3
                        62                             T2:
0061 500A               63                             JNC NVM3
0063 BC0002             64                             CJNE R4,#0,T3
0066 8005               65                                     SJMP NVM3
                        66                             T3:
0068 1C                 67                             DEC R4                  ;if here it means r5 < 100 and r4 > 0
0069 ED                 68                             MOV A,R5
006A 2464               69                             ADD A,#064H
006C FD                 70                             MOV R5,A
                        71
                        72                     NVM3:
                        73                     ;IF HERE IT MEANS R4 IS EXHAUSTED OR R5>100
006D E4                 74                     CLR A
006E 93                 75                     MOVC A,@A+DPTR
006F F530               76                     MOV 30H,A
0071 9D                 77                     SUBB A,R5
                        78                     ;ACALL DELAY
0072 500A               79                     JNC FOUND_MONTH
0074 A3                 80                     INC DPTR
0075 ED                 81                     MOV A,R5
0076 9530               82                     SUBB A,30H
0078 FD                 83                     MOV R5,A
0079 0D                 84                     INC R5
007A E4                 85                     CLR A
007B 1B                 86                     DEC R3
007C 80DE               87                     SJMP MLS
                        88     FOUND_MONTH:
007E 740C               89             MOV A,#12
0080 9B                 90             SUBB A,R3
0081 FB                 91             MOV R3,A
0082 80FE               92             SJMP $
                        93     WRITE_DATA:
0084 EB                 94             MOV A,R3
0085 75F003             95             MOV B,#3
0088 A4                 96             MUL AB
0089 FA                 97             MOV R2,A
                        98
008A 9001FB             99             MOV DPTR,#MONTHS
008D 93                100             MOVC A,@A+DPTR
008E 314F              101             ACALL SEND_DATA
0090 EA                102             MOV A,R2
0091 A3                103             INC DPTR
0092 93                104             MOVC A,@A+DPTR
0093 314F              105             ACALL SEND_DATA
0095 EA                106             MOV A,R2
0096 A3                107             INC DPTR
0097 93                108             MOVC A,@A+DPTR
0098 314F              109             ACALL SEND_DATA
                       110
009A 7420              111             MOV A,#20H
009C 314F              112             ACALL SEND_DATA
                       113             ;==========================
009E ED                114             MOV A,R5
009F 75F00A            115             MOV B,#10
00A2 84                116             DIV AB
00A3 2430              117             ADD A,#30H
00A5 314F              118             ACALL SEND_DATA
00A7 E5F0              119             MOV A,B
00A9 2430              120             ADD A,#30H
00AB 314F              121             ACALL SEND_DATA
                       122             ;==========================
00AD 7420              123             MOV A,#20H
00AF 314F              124             ACALL SEND_DATA
                       125
00B1 E547              126             MOV A,47H
00B3 75F003            127             MOV B,#3
00B6 A4                128             MUL AB
00B7 FA                129             MOV R2,A
                       130
00B8 9001E6            131             MOV DPTR,#DAYS
00BB 93                132             MOVC A,@A+DPTR
00BC 314F              133             ACALL SEND_DATA
00BE EA                134             MOV A,R2
00BF A3                135             INC DPTR
00C0 93                136             MOVC A,@A+DPTR
00C1 314F              137             ACALL SEND_DATA
00C3 EA                138             MOV A,R2
00C4 A3                139             INC DPTR
00C5 93                140             MOVC A,@A+DPTR
00C6 314F              141             ACALL SEND_DATA
                       142
00C8 01E8              143             AJMP KEYBOARD_LOOP
                       144     ERROR:
00CA 90022F            145             MOV DPTR,#ERROR_MESSAGE
                       146             ERROR_LOOP:
00CD E4                147             CLR A
00CE 93                148             MOVC A,@A+DPTR
00CF A3                149             INC DPTR
00D0 6016              150             JZ KEYBOARD_LOOP
00D2 314F              151             ACALL SEND_DATA
00D4 80F7              152             SJMP ERROR_LOOP
                       153
                       154     WRITE_INPUT:
00D6 900235            155             MOV DPTR,#INPUT_MESSAGE
                       156             WI_LOOP:
00D9 E4                157             CLR A
00DA 93                158             MOVC A,@A+DPTR
00DB A3                159             INC DPTR
00DC 6004              160             JZ NVM8
00DE 314F              161             ACALL SEND_DATA
00E0 80F7              162             SJMP WI_LOOP
                       163     NVM8:
00E2 22                164     RET
                       165
                       166
                       167     RECORD_DATA:
00E3 9430              168             SUBB A,#30H
00E5 F6                169             MOV @R0,A
00E6 18                170             DEC R0
00E7 22                171             RET
                       172
                       173     KEYBOARD_LOOP:
                       174
00E8 316D              175             ACALL KEYBOARD          ; NOW A HAS THE KEY THAT IS PRESSED
00EA B42A06            176             CJNE A,#02AH,NVM
00ED 312B              177                     ACALL SETUP     ;CLR
00EF 7842              178                     MOV R0,#042H
00F1 80F5              179                     SJMP KEYBOARD_LOOP
                       180             NVM:
00F3 B4232F            181             CJNE A,#023H,NVM2
00F6 74C0              182                     MOV A,#0C0H     ;NEXT LINE
00F8 3142              183                     ACALL SEND_COMMAND
00FA B8410D            184                     CJNE R0,#041H,NVM5
00FD 854240            185                             MOV 40H,42H
0100 754100            186                             MOV 41H,#0
0103 754200            187                             MOV 42H,#0
0106 7842              188                             MOV R0,#042H
0108 010B              189                             AJMP CALC_LOOP
                       190                     NVM5:
010A B8400D            191                     CJNE R0,#040H,NVM6
010D 854140            192                             MOV 40H,41H
0110 854241            193                             MOV 41H,42H
0113 754200            194                             MOV 42H,#0
0116 7842              195                             MOV R0,#042H
0118 010B              196                             AJMP CALC_LOOP
                       197                     NVM6:
011A B83F02            198                     CJNE R0,#03FH,NVM7
011D 010B              199                             AJMP CALC_LOOP
                       200                     NVM7:
011F 01CA              201                             AJMP ERROR
                       202
                       203
0121 7842              204                     MOV R0,#042H
0123 010B              205                     AJMP CALC_LOOP
                       206             NVM2:
0125 314F              207             ACALL SEND_DATA         ; SEND DATA TO LCD SCREEN
0127 11E3              208             ACALL RECORD_DATA
0129 80BD              209             SJMP KEYBOARD_LOOP      ; DOING ALL OVER AGAIN
                       210
                       211     SETUP:
012B 7438              212             MOV A,#38H      ;TWO LINES, 5X7 MATRIX
012D 3142              213             ACALL SEND_COMMAND
012F 740F              214             MOV A,#0FH      ;DISPLAY ON, CURSOR BLINKING
0131 3142              215             ACALL SEND_COMMAND
0133 7406              216             MOV A,#06H      ;INCREMENT CURSOR (SHIFT CURSOR TO RIGHT)
0135 3142              217             ACALL SEND_COMMAND
0137 7401              218             MOV A,#01H      ;CLEAR DISPLAY SCREEN
0139 3142              219             ACALL SEND_COMMAND
013B 7480              220             MOV A,#80H      ;FORCE CURSOR TO BEGINNING OF THE FIRST LINE
013D 3142              221             ACALL SEND_COMMAND
013F 11D6              222             ACALL WRITE_INPUT
0141 22                223             RET
                       224
                       225     SEND_COMMAND:
0142 F590              226             MOV P1,A
0144 C2B5              227             CLR P3.5                ;RS=0 BEFORE SENDING COMMAND
0146 C2B6              228             CLR P3.6                ;R/W=0 TO WRITE
0148 D2B7              229             SETB P3.7       ;SEND A HIGH TO LOW SIGNAL TO ENABLE PIN
014A 315C              230             ACALL DELAY
014C C2B7              231             CLR P3.7
014E 22                232             RET
                       233     SEND_DATA:
014F F590              234             MOV P1,A
0151 D2B5              235             SETB P3.5               ;RS=0 BEFORE SENDING COMMAND
0153 C2B6              236             CLR P3.6                ;R/W=0 TO WRITE
0155 D2B7              237             SETB P3.7       ;SEND A HIGH TO LOW SIGNAL TO ENABLE PIN
0157 315C              238             ACALL DELAY
0159 C2B7              239             CLR P3.7
015B 22                240             RET
                       241
                       242     DELAY:
015C C000              243             PUSH 0
015E C001              244             PUSH 1
0160 7F32              245             MOV R7,#50
                       246     DELAY_OUTER_LOOP:
0162 7EFF              247             MOV R6,#255
0164 DEFE              248             DJNZ R6,$
0166 DFFA              249             DJNZ R7,DELAY_OUTER_LOOP
0168 D001              250             POP 1
016A D000              251             POP 0
016C 22                252             RET
                       253
                       254
                       255
                       256     KEYBOARD: ; takes the key pressed from the keyboard and puts it to A
016D 7580FF            257             mov     P0, #0ffh       ;makes P0 input
                       258     K1:
0170 75A000            259             mov     P2, #0  ;ground all rows
0173 E580              260             mov     A, P0
0175 540F              261             anl     A, #00001111B
0177 B40FF6            262             cjne    A, #00001111B, K1
                       263     K2:
017A 315C              264             acall   DELAY
017C E580              265             mov     A, P0
017E 540F              266             anl     A, #00001111B
0180 B40F02            267             cjne    A, #00001111B, KB_OVER
0183 80F5              268             sjmp    K2
                       269     KB_OVER:
0185 315C              270             acall DELAY
0187 E580              271             mov     A, P0
0189 540F              272             anl     A, #00001111B
018B B40F02            273             cjne    A, #00001111B, KB_OVER1
018E 80EA              274             sjmp    K2
                       275     KB_OVER1:
0190 75A0FE            276             mov     P2, #11111110B
0193 E580              277             mov     A, P0
0195 540F              278             anl     A, #00001111B
0197 B40F21            279             cjne    A, #00001111B, ROW_0
019A 75A0FD            280             mov     P2, #11111101B
019D E580              281             mov     A, P0
019F 540F              282             anl     A, #00001111B
01A1 B40F1C            283             cjne    A, #00001111B, ROW_1
01A4 75A0FB            284             mov     P2, #11111011B
01A7 E580              285             mov     A, P0
01A9 540F              286             anl     A, #00001111B
01AB B40F17            287             cjne    A, #00001111B, ROW_2
01AE 75A0F7            288             mov     P2, #11110111B
01B1 E580              289             mov     A, P0
01B3 540F              290             anl     A, #00001111B
01B5 B40F12            291             cjne    A, #00001111B, ROW_3
01B8 02017A            292             ljmp    K2
                       293
                       294     ROW_0:
01BB 9001D6            295             mov     DPTR, #KCODE0
01BE 800D              296             sjmp    KB_FIND
                       297     ROW_1:
01C0 9001DA            298             mov     DPTR, #KCODE1
01C3 8008              299             sjmp    KB_FIND
                       300     ROW_2:
01C5 9001DE            301             mov     DPTR, #KCODE2
01C8 8003              302             sjmp    KB_FIND
                       303     ROW_3:
01CA 9001E2            304             mov     DPTR, #KCODE3
                       305     KB_FIND:
01CD 13                306             rrc     A
01CE 5003              307             jnc     KB_MATCH
01D0 A3                308             inc     DPTR
01D1 80FA              309             sjmp    KB_FIND
                       310     KB_MATCH:
01D3 E4                311             clr     A
01D4 93                312             movc    A, @A+DPTR; get ASCII code from the table
01D5 22                313             ret
                       314
                       315     ;ASCII look-up table
01D6 31323323          316     KCODE0: DB      '1', '2', '3', '#'
01DA 34353623          317     KCODE1: DB      '4', '5', '6', '#'
01DE 37383923          318     KCODE2: DB      '7', '8', '9', '#'
01E2 2A302323          319     KCODE3: DB      '*', '0', '#', '#'
                       320
01E6 53554E4D4F        321     DAYS: DB 'SUN','MON','TUE','WED','THU','FRI','SAT'
     4E54554557
     4544544855
     4652495341
     54
01FB 4A414E4645        322     MONTHS: DB 'JAN','FEB','MAR','APR','MAY','JUN','JUL','AUG','SEP','OCT','NOV','DEC'
     424D415241
     50524D4159
     4A554E4A55
     4C41554753
     45504F4354
     4E4F564445
     43
021F 1F1D1F1E1F        323     NUMDAY: DB 31,29,31,30,31,30,31,31,30,31,30,31,31,29,31,30
     1E1F1F1E1F
     1E1F1F1D1F
     1E
022F 4552524F52        324     ERROR_MESSAGE: DB 'ERROR',0
     00
0235 504C454153        325     INPUT_MESSAGE: DB 'PLEASE INPUT NUMBER: ',0
     4520494E50
     5554204E55
     4D4245523A
     2000
                       326     ENDD:
024B 80FE              327     SJMP $
                       328     END
ASSEMBLY COMPLETE, NO ERRORS FOUND, NO WARNINGS


SYMBOL TABLE:
??MCU_8051_IDE . . . . . . . . . . .  N  NUMB  8051H  NOT USED
??VERSION. . . . . . . . . . . . . .  N  NUMB  0149H  NOT USED
AC . . . . . . . . . . . . . . . . .  B  ADDR  00D6H  NOT USED
ACC. . . . . . . . . . . . . . . . .  D  ADDR  00E0H  NOT USED
ACSR . . . . . . . . . . . . . . . .  D  ADDR  0097H  NOT USED
ADCF . . . . . . . . . . . . . . . .  D  ADDR  00F6H  NOT USED
ADCLK. . . . . . . . . . . . . . . .  D  ADDR  00F2H  NOT USED
ADCON. . . . . . . . . . . . . . . .  D  ADDR  00F3H  NOT USED
ADDH . . . . . . . . . . . . . . . .  D  ADDR  00F5H  NOT USED
ADDL . . . . . . . . . . . . . . . .  D  ADDR  00F4H  NOT USED
AUXR . . . . . . . . . . . . . . . .  D  ADDR  008EH  NOT USED
AUXR1. . . . . . . . . . . . . . . .  D  ADDR  00A2H  NOT USED
B. . . . . . . . . . . . . . . . . .  D  ADDR  00F0H
BDRCON . . . . . . . . . . . . . . .  D  ADDR  009BH  NOT USED
BDRCON_1 . . . . . . . . . . . . . .  D  ADDR  009CH  NOT USED
BRL. . . . . . . . . . . . . . . . .  D  ADDR  009AH  NOT USED
CALC_LOOP. . . . . . . . . . . . . .  C  ADDR  000BH
CCAP0H . . . . . . . . . . . . . . .  D  ADDR  00FAH  NOT USED
CCAP0L . . . . . . . . . . . . . . .  D  ADDR  00EAH  NOT USED
CCAP1H . . . . . . . . . . . . . . .  D  ADDR  00FBH  NOT USED
CCAP1L . . . . . . . . . . . . . . .  D  ADDR  00EBH  NOT USED
CCAP2H . . . . . . . . . . . . . . .  D  ADDR  00FCH  NOT USED
CCAP3H . . . . . . . . . . . . . . .  D  ADDR  00FDH  NOT USED
CCAP4H . . . . . . . . . . . . . . .  D  ADDR  00FEH  NOT USED
CCAPL2H. . . . . . . . . . . . . . .  D  ADDR  00FCH  NOT USED
CCAPL2L. . . . . . . . . . . . . . .  D  ADDR  00ECH  NOT USED
CCAPL3H. . . . . . . . . . . . . . .  D  ADDR  00FDH  NOT USED
CCAPL3L. . . . . . . . . . . . . . .  D  ADDR  00EDH  NOT USED
CCAPL4H. . . . . . . . . . . . . . .  D  ADDR  00FEH  NOT USED
CCAPL4L. . . . . . . . . . . . . . .  D  ADDR  00EEH  NOT USED
CCAPM0 . . . . . . . . . . . . . . .  D  ADDR  00DAH  NOT USED
CCAPM1 . . . . . . . . . . . . . . .  D  ADDR  00DBH  NOT USED
CCAPM2 . . . . . . . . . . . . . . .  D  ADDR  00DCH  NOT USED
CCAPM3 . . . . . . . . . . . . . . .  D  ADDR  00DDH  NOT USED
CCAPM4 . . . . . . . . . . . . . . .  D  ADDR  00DEH  NOT USED
CCF0 . . . . . . . . . . . . . . . .  B  ADDR  00D8H  NOT USED
CCF1 . . . . . . . . . . . . . . . .  B  ADDR  00D9H  NOT USED
CCF2 . . . . . . . . . . . . . . . .  B  ADDR  00DAH  NOT USED
CCF3 . . . . . . . . . . . . . . . .  B  ADDR  00DBH  NOT USED
CCF4 . . . . . . . . . . . . . . . .  B  ADDR  00DCH  NOT USED
CCON . . . . . . . . . . . . . . . .  D  ADDR  00D8H  NOT USED
CFINT. . . . . . . . . . . . . . . .  C  ADDR  0033H  NOT USED
CH . . . . . . . . . . . . . . . . .  D  ADDR  00F9H  NOT USED
CKCON. . . . . . . . . . . . . . . .  D  ADDR  008FH  NOT USED
CKCON0 . . . . . . . . . . . . . . .  D  ADDR  008FH  NOT USED
CKRL . . . . . . . . . . . . . . . .  D  ADDR  0097H  NOT USED
CKSEL. . . . . . . . . . . . . . . .  D  ADDR  0085H  NOT USED
CL . . . . . . . . . . . . . . . . .  D  ADDR  00E9H  NOT USED
CLKREG . . . . . . . . . . . . . . .  D  ADDR  008FH  NOT USED
CMOD . . . . . . . . . . . . . . . .  D  ADDR  00D9H  NOT USED
CPRL2. . . . . . . . . . . . . . . .  B  ADDR  00C8H  NOT USED
CR . . . . . . . . . . . . . . . . .  B  ADDR  00DEH  NOT USED
CT2. . . . . . . . . . . . . . . . .  B  ADDR  00C9H  NOT USED
CY . . . . . . . . . . . . . . . . .  B  ADDR  00D7H  NOT USED
DAYS . . . . . . . . . . . . . . . .  C  ADDR  01E6H
DELAY. . . . . . . . . . . . . . . .  C  ADDR  015CH
DELAY_OUTER_LOOP . . . . . . . . . .  C  ADDR  0162H
DP0H . . . . . . . . . . . . . . . .  D  ADDR  0083H  NOT USED
DP0L . . . . . . . . . . . . . . . .  D  ADDR  0082H  NOT USED
DP1H . . . . . . . . . . . . . . . .  D  ADDR  0085H  NOT USED
DP1L . . . . . . . . . . . . . . . .  D  ADDR  0084H  NOT USED
DPH. . . . . . . . . . . . . . . . .  D  ADDR  0083H  NOT USED
DPL. . . . . . . . . . . . . . . . .  D  ADDR  0082H  NOT USED
EA . . . . . . . . . . . . . . . . .  B  ADDR  00AFH  NOT USED
EC . . . . . . . . . . . . . . . . .  B  ADDR  00AEH  NOT USED
EECON. . . . . . . . . . . . . . . .  D  ADDR  0096H  NOT USED
ENDD . . . . . . . . . . . . . . . .  C  ADDR  024BH  NOT USED
ERROR. . . . . . . . . . . . . . . .  C  ADDR  00CAH
ERROR_LOOP . . . . . . . . . . . . .  C  ADDR  00CDH
ERROR_MESSAGE. . . . . . . . . . . .  C  ADDR  022FH
ES . . . . . . . . . . . . . . . . .  B  ADDR  00ACH  NOT USED
ET0. . . . . . . . . . . . . . . . .  B  ADDR  00A9H  NOT USED
ET1. . . . . . . . . . . . . . . . .  B  ADDR  00ABH  NOT USED
ET2. . . . . . . . . . . . . . . . .  B  ADDR  00ADH  NOT USED
EX0. . . . . . . . . . . . . . . . .  B  ADDR  00A8H  NOT USED
EX1. . . . . . . . . . . . . . . . .  B  ADDR  00AAH  NOT USED
EXEN2. . . . . . . . . . . . . . . .  B  ADDR  00CBH  NOT USED
EXF2 . . . . . . . . . . . . . . . .  B  ADDR  00CEH  NOT USED
EXTI0. . . . . . . . . . . . . . . .  C  ADDR  0003H  NOT USED
EXTI1. . . . . . . . . . . . . . . .  C  ADDR  0013H  NOT USED
F0 . . . . . . . . . . . . . . . . .  B  ADDR  00D5H  NOT USED
FE . . . . . . . . . . . . . . . . .  B  ADDR  009FH  NOT USED
FOUND_MONTH. . . . . . . . . . . . .  C  ADDR  007EH
IE . . . . . . . . . . . . . . . . .  D  ADDR  00A8H  NOT USED
IE0. . . . . . . . . . . . . . . . .  B  ADDR  0089H  NOT USED
IE1. . . . . . . . . . . . . . . . .  B  ADDR  008BH  NOT USED
INPUT_MESSAGE. . . . . . . . . . . .  C  ADDR  0235H
INT0 . . . . . . . . . . . . . . . .  B  ADDR  00B2H  NOT USED
INT1 . . . . . . . . . . . . . . . .  B  ADDR  00B3H  NOT USED
IP . . . . . . . . . . . . . . . . .  D  ADDR  00B8H  NOT USED
IPH. . . . . . . . . . . . . . . . .  D  ADDR  00B7H  NOT USED
IPH0 . . . . . . . . . . . . . . . .  D  ADDR  00B7H  NOT USED
IPH1 . . . . . . . . . . . . . . . .  D  ADDR  00B3H  NOT USED
IPL0 . . . . . . . . . . . . . . . .  D  ADDR  00B8H  NOT USED
IPL1 . . . . . . . . . . . . . . . .  D  ADDR  00B2H  NOT USED
IT0. . . . . . . . . . . . . . . . .  B  ADDR  0088H  NOT USED
IT1. . . . . . . . . . . . . . . . .  B  ADDR  008AH  NOT USED
K1 . . . . . . . . . . . . . . . . .  C  ADDR  0170H
K2 . . . . . . . . . . . . . . . . .  C  ADDR  017AH
KBE. . . . . . . . . . . . . . . . .  D  ADDR  009DH  NOT USED
KBF. . . . . . . . . . . . . . . . .  D  ADDR  009EH  NOT USED
KBLS . . . . . . . . . . . . . . . .  D  ADDR  009CH  NOT USED
KB_FIND. . . . . . . . . . . . . . .  C  ADDR  01CDH
KB_MATCH . . . . . . . . . . . . . .  C  ADDR  01D3H
KB_OVER. . . . . . . . . . . . . . .  C  ADDR  0185H
KB_OVER1 . . . . . . . . . . . . . .  C  ADDR  0190H
KCODE0 . . . . . . . . . . . . . . .  C  ADDR  01D6H
KCODE1 . . . . . . . . . . . . . . .  C  ADDR  01DAH
KCODE2 . . . . . . . . . . . . . . .  C  ADDR  01DEH
KCODE3 . . . . . . . . . . . . . . .  C  ADDR  01E2H
KEYBOARD . . . . . . . . . . . . . .  C  ADDR  016DH
KEYBOARD_LOOP. . . . . . . . . . . .  C  ADDR  00E8H
MLS. . . . . . . . . . . . . . . . .  C  ADDR  005CH
MONTHS . . . . . . . . . . . . . . .  C  ADDR  01FBH
MONTH_CALC . . . . . . . . . . . . .  C  ADDR  0041H  NOT USED
NUMDAY . . . . . . . . . . . . . . .  C  ADDR  021FH
NVM. . . . . . . . . . . . . . . . .  C  ADDR  00F3H
NVM2 . . . . . . . . . . . . . . . .  C  ADDR  0125H
NVM3 . . . . . . . . . . . . . . . .  C  ADDR  006DH
NVM4 . . . . . . . . . . . . . . . .  C  ADDR  005CH  NOT USED
NVM5 . . . . . . . . . . . . . . . .  C  ADDR  010AH
NVM6 . . . . . . . . . . . . . . . .  C  ADDR  011AH
NVM7 . . . . . . . . . . . . . . . .  C  ADDR  011FH
NVM8 . . . . . . . . . . . . . . . .  C  ADDR  00E2H
NVM9 . . . . . . . . . . . . . . . .  C  ADDR  0052H
OSCCON . . . . . . . . . . . . . . .  D  ADDR  0086H  NOT USED
OV . . . . . . . . . . . . . . . . .  B  ADDR  00D2H  NOT USED
P. . . . . . . . . . . . . . . . . .  B  ADDR  00D0H  NOT USED
P0 . . . . . . . . . . . . . . . . .  D  ADDR  0080H
P1 . . . . . . . . . . . . . . . . .  D  ADDR  0090H
P1M1 . . . . . . . . . . . . . . . .  D  ADDR  00D4H  NOT USED
P1M2 . . . . . . . . . . . . . . . .  D  ADDR  00E2H  NOT USED
P2 . . . . . . . . . . . . . . . . .  D  ADDR  00A0H
P3 . . . . . . . . . . . . . . . . .  D  ADDR  00B0H
P3M1 . . . . . . . . . . . . . . . .  D  ADDR  00D5H  NOT USED
P3M2 . . . . . . . . . . . . . . . .  D  ADDR  00E3H  NOT USED
P4 . . . . . . . . . . . . . . . . .  D  ADDR  00C0H  NOT USED
P4M1 . . . . . . . . . . . . . . . .  D  ADDR  00D6H  NOT USED
P4M2 . . . . . . . . . . . . . . . .  D  ADDR  00E4H  NOT USED
P5 . . . . . . . . . . . . . . . . .  D  ADDR  00E8H  NOT USED
PC . . . . . . . . . . . . . . . . .  B  ADDR  00BEH  NOT USED
PCON . . . . . . . . . . . . . . . .  D  ADDR  0087H  NOT USED
PPCL . . . . . . . . . . . . . . . .  B  ADDR  00BEH  NOT USED
PS . . . . . . . . . . . . . . . . .  B  ADDR  00BCH  NOT USED
PSL. . . . . . . . . . . . . . . . .  B  ADDR  00BCH  NOT USED
PSW. . . . . . . . . . . . . . . . .  D  ADDR  00D0H  NOT USED
PT0. . . . . . . . . . . . . . . . .  B  ADDR  00B9H  NOT USED
PT0L . . . . . . . . . . . . . . . .  B  ADDR  00B9H  NOT USED
PT1. . . . . . . . . . . . . . . . .  B  ADDR  00BBH  NOT USED
PT1L . . . . . . . . . . . . . . . .  B  ADDR  00BBH  NOT USED
PT2. . . . . . . . . . . . . . . . .  B  ADDR  00BDH  NOT USED
PT2L . . . . . . . . . . . . . . . .  B  ADDR  00BDH  NOT USED
PX0. . . . . . . . . . . . . . . . .  B  ADDR  00B8H  NOT USED
PX0L . . . . . . . . . . . . . . . .  B  ADDR  00B8H  NOT USED
PX1. . . . . . . . . . . . . . . . .  B  ADDR  00BAH  NOT USED
PX1L . . . . . . . . . . . . . . . .  B  ADDR  00BAH  NOT USED
RB8. . . . . . . . . . . . . . . . .  B  ADDR  009AH  NOT USED
RCAP2H . . . . . . . . . . . . . . .  D  ADDR  00CBH  NOT USED
RCAP2L . . . . . . . . . . . . . . .  D  ADDR  00CAH  NOT USED
RCLK . . . . . . . . . . . . . . . .  B  ADDR  00CDH  NOT USED
RD . . . . . . . . . . . . . . . . .  B  ADDR  00B7H  NOT USED
RECORD_DATA. . . . . . . . . . . . .  C  ADDR  00E3H
REN. . . . . . . . . . . . . . . . .  B  ADDR  009CH  NOT USED
RESET. . . . . . . . . . . . . . . .  C  ADDR  0000H  NOT USED
RI . . . . . . . . . . . . . . . . .  B  ADDR  0098H  NOT USED
ROW_0. . . . . . . . . . . . . . . .  C  ADDR  01BBH
ROW_1. . . . . . . . . . . . . . . .  C  ADDR  01C0H
ROW_2. . . . . . . . . . . . . . . .  C  ADDR  01C5H
ROW_3. . . . . . . . . . . . . . . .  C  ADDR  01CAH
RS0. . . . . . . . . . . . . . . . .  B  ADDR  00D3H  NOT USED
RS1. . . . . . . . . . . . . . . . .  B  ADDR  00D4H  NOT USED
RXD. . . . . . . . . . . . . . . . .  B  ADDR  00B0H  NOT USED
SADDR. . . . . . . . . . . . . . . .  D  ADDR  00A9H  NOT USED
SADDR_0. . . . . . . . . . . . . . .  D  ADDR  00A9H  NOT USED
SADDR_1. . . . . . . . . . . . . . .  D  ADDR  00AAH  NOT USED
SADEN. . . . . . . . . . . . . . . .  D  ADDR  00B9H  NOT USED
SADEN_0. . . . . . . . . . . . . . .  D  ADDR  00B9H  NOT USED
SADEN_1. . . . . . . . . . . . . . .  D  ADDR  00BAH  NOT USED
SBUF . . . . . . . . . . . . . . . .  D  ADDR  0099H  NOT USED
SCON . . . . . . . . . . . . . . . .  D  ADDR  0098H  NOT USED
SEND_COMMAND . . . . . . . . . . . .  C  ADDR  0142H
SEND_DATA. . . . . . . . . . . . . .  C  ADDR  014FH
SETUP. . . . . . . . . . . . . . . .  C  ADDR  012BH
SINT . . . . . . . . . . . . . . . .  C  ADDR  0023H  NOT USED
SM0. . . . . . . . . . . . . . . . .  B  ADDR  009FH  NOT USED
SM1. . . . . . . . . . . . . . . . .  B  ADDR  009EH  NOT USED
SM2. . . . . . . . . . . . . . . . .  B  ADDR  009DH  NOT USED
SP . . . . . . . . . . . . . . . . .  D  ADDR  0081H  NOT USED
SPCON. . . . . . . . . . . . . . . .  D  ADDR  00C3H  NOT USED
SPCR . . . . . . . . . . . . . . . .  D  ADDR  00D5H  NOT USED
SPDAT. . . . . . . . . . . . . . . .  D  ADDR  00C5H  NOT USED
SPDR . . . . . . . . . . . . . . . .  D  ADDR  0086H  NOT USED
SPSR . . . . . . . . . . . . . . . .  D  ADDR  00AAH  NOT USED
SPSTA. . . . . . . . . . . . . . . .  D  ADDR  00C4H  NOT USED
T0 . . . . . . . . . . . . . . . . .  B  ADDR  00B4H  NOT USED
T1 . . . . . . . . . . . . . . . . .  B  ADDR  00B5H  NOT USED
T2 . . . . . . . . . . . . . . . . .  C  ADDR  0061H
T2CON. . . . . . . . . . . . . . . .  D  ADDR  00C8H  NOT USED
T2MOD. . . . . . . . . . . . . . . .  D  ADDR  00C9H  NOT USED
T3 . . . . . . . . . . . . . . . . .  C  ADDR  0068H
T5 . . . . . . . . . . . . . . . . .  C  ADDR  005AH
T6 . . . . . . . . . . . . . . . . .  C  ADDR  0058H
TB8. . . . . . . . . . . . . . . . .  B  ADDR  009BH  NOT USED
TCLK . . . . . . . . . . . . . . . .  B  ADDR  00CCH  NOT USED
TCON . . . . . . . . . . . . . . . .  D  ADDR  0088H  NOT USED
TF0. . . . . . . . . . . . . . . . .  B  ADDR  008DH  NOT USED
TF1. . . . . . . . . . . . . . . . .  B  ADDR  008FH  NOT USED
TF2. . . . . . . . . . . . . . . . .  B  ADDR  00CFH  NOT USED
TH0. . . . . . . . . . . . . . . . .  D  ADDR  008CH  NOT USED
TH1. . . . . . . . . . . . . . . . .  D  ADDR  008DH  NOT USED
TH2. . . . . . . . . . . . . . . . .  D  ADDR  00CDH  NOT USED
TI . . . . . . . . . . . . . . . . .  B  ADDR  0099H  NOT USED
TIMER0 . . . . . . . . . . . . . . .  C  ADDR  000BH  NOT USED
TIMER1 . . . . . . . . . . . . . . .  C  ADDR  001BH  NOT USED
TIMER2 . . . . . . . . . . . . . . .  C  ADDR  002BH  NOT USED
TL0. . . . . . . . . . . . . . . . .  D  ADDR  008AH  NOT USED
TL1. . . . . . . . . . . . . . . . .  D  ADDR  008BH  NOT USED
TL2. . . . . . . . . . . . . . . . .  D  ADDR  00CCH  NOT USED
TMOD . . . . . . . . . . . . . . . .  D  ADDR  0089H  NOT USED
TR0. . . . . . . . . . . . . . . . .  B  ADDR  008CH  NOT USED
TR1. . . . . . . . . . . . . . . . .  B  ADDR  008EH  NOT USED
TR2. . . . . . . . . . . . . . . . .  B  ADDR  00CAH  NOT USED
TXD. . . . . . . . . . . . . . . . .  B  ADDR  00B1H  NOT USED
WDTCON . . . . . . . . . . . . . . .  D  ADDR  00A7H  NOT USED
WDTPRG . . . . . . . . . . . . . . .  D  ADDR  00A7H  NOT USED
WDTRST . . . . . . . . . . . . . . .  D  ADDR  00A6H  NOT USED
WI_LOOP. . . . . . . . . . . . . . .  C  ADDR  00D9H
WR . . . . . . . . . . . . . . . . .  B  ADDR  00B6H  NOT USED
WRITE_DATA . . . . . . . . . . . . .  C  ADDR  0084H  NOT USED
WRITE_INPUT. . . . . . . . . . . . .  C  ADDR  00D6H